\\WAREHOUSE2.SEASAD.WUSTL.EDU\HOME\LIU433\MY DOCUMENTS\VISUAL STUDIO 2010\PROJECTS\422LAB2\422LAB2\DEBUG\422LAB2.EXE.EMBED.MANIFEST.RES
\\WAREHOUSE2.SEASAD.WUSTL.EDU\HOME\LIU433\MY DOCUMENTS\VISUAL STUDIO 2010\PROJECTS\422LAB2\422LAB2\DEBUG\422LAB2.EXE.INTERMEDIATE.MANIFEST
\\WAREHOUSE2.SEASAD.WUSTL.EDU\HOME\LIU433\MY DOCUMENTS\VISUAL STUDIO 2010\PROJECTS\422LAB2\422LAB2\DEBUG\422LAB2.OBJ
\\WAREHOUSE2.SEASAD.WUSTL.EDU\HOME\LIU433\MY DOCUMENTS\VISUAL STUDIO 2010\PROJECTS\422LAB2\422LAB2\DEBUG\422LAB2.PCH
\\WAREHOUSE2.SEASAD.WUSTL.EDU\HOME\LIU433\MY DOCUMENTS\VISUAL STUDIO 2010\PROJECTS\422LAB2\422LAB2\DEBUG\STDAFX.OBJ
\\WAREHOUSE2.SEASAD.WUSTL.EDU\HOME\LIU433\MY DOCUMENTS\VISUAL STUDIO 2010\PROJECTS\422LAB2\422LAB2\DEBUG\VC100.PDB
\\WAREHOUSE2.SEASAD.WUSTL.EDU\HOME\LIU433\MY DOCUMENTS\VISUAL STUDIO 2010\PROJECTS\422LAB2\DEBUG\422LAB2.EXE
\\WAREHOUSE2.SEASAD.WUSTL.EDU\HOME\LIU433\MY DOCUMENTS\VISUAL STUDIO 2010\PROJECTS\422LAB2\DEBUG\422LAB2.PDB
C:\Users\liu433\Documents\Visual Studio 2010\422lab2a\422lab2\Debug\422lab2.exe.embed.manifest
C:\Users\liu433\Documents\Visual Studio 2010\422lab2a\422lab2\Debug\422lab2.exe.embed.manifest.res
C:\USERS\LIU433\DOCUMENTS\VISUAL STUDIO 2010\422LAB2A\422LAB2\DEBUG\422LAB2.EXE.INTERMEDIATE.MANIFEST
C:\USERS\LIU433\DOCUMENTS\VISUAL STUDIO 2010\422LAB2A\422LAB2\DEBUG\422LAB2.OBJ
C:\USERS\LIU433\DOCUMENTS\VISUAL STUDIO 2010\422LAB2A\422LAB2\DEBUG\422LAB2.PCH
C:\Users\liu433\Documents\Visual Studio 2010\422lab2a\422lab2\Debug\422lab2.vcxprojResolveAssemblyReference.cache
C:\Users\liu433\Documents\Visual Studio 2010\422lab2a\422lab2\Debug\422lab2.write.1.tlog
C:\Users\liu433\Documents\Visual Studio 2010\422lab2a\422lab2\Debug\422lab2_manifest.rc
C:\Users\liu433\Documents\Visual Studio 2010\422lab2a\422lab2\Debug\cl.command.1.tlog
C:\Users\liu433\Documents\Visual Studio 2010\422lab2a\422lab2\Debug\CL.read.1.tlog
C:\Users\liu433\Documents\Visual Studio 2010\422lab2a\422lab2\Debug\CL.write.1.tlog
C:\Users\liu433\Documents\Visual Studio 2010\422lab2a\422lab2\Debug\link.command.1.tlog
C:\Users\liu433\Documents\Visual Studio 2010\422lab2a\422lab2\Debug\link.read.1.tlog
C:\Users\liu433\Documents\Visual Studio 2010\422lab2a\422lab2\Debug\link.write.1.tlog
C:\Users\liu433\Documents\Visual Studio 2010\422lab2a\422lab2\Debug\mt.command.1.tlog
C:\Users\liu433\Documents\Visual Studio 2010\422lab2a\422lab2\Debug\mt.read.1.tlog
C:\Users\liu433\Documents\Visual Studio 2010\422lab2a\422lab2\Debug\mt.write.1.tlog
C:\Users\liu433\Documents\Visual Studio 2010\422lab2a\422lab2\Debug\rc.command.1.tlog
C:\Users\liu433\Documents\Visual Studio 2010\422lab2a\422lab2\Debug\rc.read.1.tlog
C:\Users\liu433\Documents\Visual Studio 2010\422lab2a\422lab2\Debug\rc.write.1.tlog
C:\USERS\LIU433\DOCUMENTS\VISUAL STUDIO 2010\422LAB2A\422LAB2\DEBUG\STDAFX.OBJ
C:\Users\liu433\Documents\Visual Studio 2010\422lab2a\422lab2\Debug\vc100.idb
C:\USERS\LIU433\DOCUMENTS\VISUAL STUDIO 2010\422LAB2A\422LAB2\DEBUG\VC100.PDB
C:\USERS\LIU433\DOCUMENTS\VISUAL STUDIO 2010\422LAB2A\DEBUG\422LAB2.EXE
C:\USERS\LIU433\DOCUMENTS\VISUAL STUDIO 2010\422LAB2A\DEBUG\422LAB2.PDB
