Build started 10/28/2017 2:00:05 PM.
     1>Project "C:\Users\liu433\Documents\Visual Studio 2010\422lab2a\422lab2\422lab2.vcxproj" on node 2 (build target(s)).
     1>InitializeBuildStatus:
         Touching "Debug\422lab2.unsuccessfulbuild".
       ClCompile:
         All outputs are up-to-date.
         c:\Program Files (x86)\Microsoft Visual Studio 10.0\VC\bin\CL.exe /c /ZI /nologo /W3 /WX- /Od /Oy- /D WIN32 /D _DEBUG /D _CONSOLE /D _UNICODE /D UNICODE /Gm /EHsc /RTC1 /MDd /GS /fp:precise /Zc:wchar_t /Zc:forScope /Yu"StdAfx.h" /Fp"Debug\422lab2.pch" /Fo"Debug\\" /Fd"Debug\vc100.pdb" /Gd /TP /analyze- /errorReport:prompt 422lab2.cpp
         422lab2.cpp
     1>c:\users\liu433\documents\visual studio 2010\422lab2a\422lab2\422lab2.cpp(30): warning C4101: 'iterationnum' : unreferenced local variable
     1>c:\users\liu433\documents\visual studio 2010\422lab2a\422lab2\422lab2.cpp(29): warning C4101: 'roundnum' : unreferenced local variable
       Link:
         c:\Program Files (x86)\Microsoft Visual Studio 10.0\VC\bin\link.exe /ERRORREPORT:PROMPT /OUT:"C:\Users\liu433\Documents\Visual Studio 2010\422lab2a\Debug\422lab2.exe" /INCREMENTAL:NO /NOLOGO kernel32.lib user32.lib gdi32.lib winspool.lib comdlg32.lib advapi32.lib shell32.lib ole32.lib oleaut32.lib uuid.lib odbc32.lib odbccp32.lib /MANIFEST /ManifestFile:"Debug\422lab2.exe.intermediate.manifest" /MANIFESTUAC:"level='asInvoker' uiAccess='false'" /DEBUG /PDB:"C:\Users\liu433\Documents\Visual Studio 2010\422lab2a\Debug\422lab2.pdb" /SUBSYSTEM:CONSOLE /TLBID:1 /DYNAMICBASE /NXCOMPAT /IMPLIB:"C:\Users\liu433\Documents\Visual Studio 2010\422lab2a\Debug\422lab2.lib" /MACHINE:X86 Debug\422lab2.obj
         Debug\stdafx.obj
     1>422lab2.obj : warning LNK4075: ignoring '/EDITANDCONTINUE' due to '/INCREMENTAL:NO' specification
         422lab2.vcxproj -> C:\Users\liu433\Documents\Visual Studio 2010\422lab2a\Debug\422lab2.exe
       Manifest:
         c:\Program Files (x86)\Microsoft SDKs\Windows\v7.0A\bin\mt.exe /nologo /verbose /outputresource:"C:\Users\liu433\Documents\Visual Studio 2010\422lab2a\Debug\422lab2.exe;#1" /manifest Debug\422lab2.exe.intermediate.manifest
       FinalizeBuildStatus:
         Deleting file "Debug\422lab2.unsuccessfulbuild".
         Touching "Debug\422lab2.lastbuildstate".
     1>Done Building Project "C:\Users\liu433\Documents\Visual Studio 2010\422lab2a\422lab2\422lab2.vcxproj" (build target(s)).

Build succeeded.

Time Elapsed 00:00:00.63
